2026-05-21 10:37:14,192 | INFO | === Sesi dimulai — Perkara: Narkotika ===
2026-05-21 10:38:31,752 | WARNING | case_001: tidak ada lampiran PDF → di-skip
2026-05-21 10:38:37,665 | INFO | case_002: link PDF → https://putusan3.mahkamahagung.go.id/direktori/download_file/9fca63bf5fb9b19bcfe5392e543bd93b/pdf/6fcbe4a25fea43a8105b9564e4ef8099
2026-05-21 10:39:18,628 | INFO | case_002: ✅ 198 KB
2026-05-21 10:39:26,430 | WARNING | case_003: tidak ada lampiran PDF → di-skip
2026-05-21 10:40:00,026 | INFO | case_004: link PDF → https://putusan3.mahkamahagung.go.id/direktori/download_file/8cc91b2588e4c1ab0e422b208f49f621/pdf/zaee34f13aebd8e0bd54313430383337
2026-05-21 10:41:50,157 | INFO | case_004: ✅ 139 KB
2026-05-21 10:42:41,376 | WARNING | case_005: tidak ada lampiran PDF → di-skip
2026-05-21 10:44:14,691 | WARNING | case_006: tidak ada lampiran PDF → di-skip
2026-05-21 10:44:44,309 | WARNING | case_007: tidak ada lampiran PDF → di-skip
2026-05-21 10:44:57,599 | INFO | case_008: link PDF → https://putusan3.mahkamahagung.go.id/direktori/download_file/ed61bcb4e1c4d2d18a29618141d62856/pdf/zaec3253fd23a48a8b53313634383035
2026-05-21 10:45:02,384 | INFO | case_008: ✅ 155 KB
2026-05-21 10:45:13,487 | INFO | case_009: link PDF → https://putusan3.mahkamahagung.go.id/direktori/download_file/8ea90d5cca317fe9c750dc5e56d6bebe/pdf/zaec46739f119710b134303732343534
2026-05-21 10:45:17,299 | INFO | case_009: ✅ 204 KB
2026-05-21 10:46:54,240 | INFO | case_010: link PDF → https://putusan3.mahkamahagung.go.id/direktori/download_file/2c2d019fcd41c39bc31210d640ba01f1/pdf/zaec15f8db851830922d313434353132
2026-05-21 10:47:11,535 | INFO | case_010: ✅ 138 KB
2026-05-21 10:47:30,436 | WARNING | case_011: tidak ada lampiran PDF → di-skip
2026-05-21 10:49:18,241 | INFO | case_012: link PDF → https://putusan3.mahkamahagung.go.id/direktori/download_file/54eaae4b41f62d0de98fb82fea02cf9a/pdf/zaec3d4770bc283888cd313531353538
2026-05-21 10:49:22,308 | INFO | case_012: ✅ 182 KB
2026-05-21 10:49:42,933 | INFO | case_013: link PDF → https://putusan3.mahkamahagung.go.id/direktori/download_file/f42371534c7d1e97c23247ca523666a5/pdf/20e82e125659f6c8382b27236fe1f4d6
2026-05-21 10:51:08,913 | INFO | case_013: ✅ 160 KB
2026-05-21 10:51:33,858 | WARNING | case_014: tidak ada lampiran PDF → di-skip
2026-05-21 10:51:51,125 | INFO | case_015: link PDF → https://putusan3.mahkamahagung.go.id/direktori/download_file/f14109e150b0f9e035915b0a9ba02f0f/pdf/0e0e62dae4848801ba44ff94960808e4
2026-05-21 10:51:54,815 | INFO | case_015: ✅ 147 KB
2026-05-21 10:52:04,813 | INFO | case_016: link PDF → https://putusan3.mahkamahagung.go.id/direktori/download_file/5f41a8e61e80ef7464b10a4bd23ec76f/pdf/zaec19d028be0d7ac095313230333536
2026-05-21 10:53:27,397 | INFO | case_016: ✅ 132 KB
2026-05-21 10:53:46,012 | WARNING | case_017: tidak ada lampiran PDF → di-skip
2026-05-21 10:53:56,183 | WARNING | case_018: tidak ada lampiran PDF → di-skip
2026-05-21 10:54:03,118 | WARNING | case_019: tidak ada lampiran PDF → di-skip
2026-05-21 10:55:22,967 | WARNING | case_020: tidak ada lampiran PDF → di-skip
2026-05-21 10:55:38,741 | INFO | case_021: link PDF → https://putusan3.mahkamahagung.go.id/direktori/download_file/8bb8709b80a757fab870c071bb8ad0f4/pdf/zaf154c433c66df0aeb8313032313438
2026-05-21 10:57:04,200 | INFO | case_021: ✅ 174 KB
2026-05-21 10:57:24,648 | INFO | case_022: link PDF → https://putusan3.mahkamahagung.go.id/direktori/download_file/82c55a5e67ef7230602fce613bd47905/pdf/zaf154c43258370abb19313032313436
2026-05-21 10:57:29,058 | INFO | case_022: ✅ 131 KB
2026-05-21 10:57:54,000 | WARNING | case_023: tidak ada lampiran PDF → di-skip
2026-05-21 10:57:59,307 | INFO | case_024: link PDF → https://putusan3.mahkamahagung.go.id/direktori/download_file/54eaae4b41f62d0de98fb82fea02cf9a/pdf/zaec3d4770bc283888cd313531353538
2026-05-21 10:58:02,391 | INFO | case_024: ✅ 182 KB
2026-05-21 10:58:09,331 | INFO | case_025: link PDF → https://putusan3.mahkamahagung.go.id/direktori/download_file/f42371534c7d1e97c23247ca523666a5/pdf/20e82e125659f6c8382b27236fe1f4d6
2026-05-21 10:58:12,404 | INFO | case_025: ✅ 160 KB
2026-05-21 10:59:23,618 | INFO | case_026: link PDF → https://putusan3.mahkamahagung.go.id/direktori/download_file/9233f3dea9035c91b66903b37663c42f/pdf/0fd574c916b616e757f088bda7230d19
2026-05-21 10:59:38,899 | INFO | case_026: ✅ 123 KB
2026-05-21 11:00:00,598 | INFO | case_027: link PDF → https://putusan3.mahkamahagung.go.id/direktori/download_file/c787ef10f2cb9d3d7b213a02809d7b01/pdf/e8174af7cfd54fda4c334586551edbef
2026-05-21 11:01:54,961 | INFO | case_027: ✅ 152 KB
2026-05-21 11:02:19,954 | WARNING | case_028: tidak ada lampiran PDF → di-skip
2026-05-21 11:02:25,385 | INFO | case_029: link PDF → https://putusan3.mahkamahagung.go.id/direktori/download_file/f14109e150b0f9e035915b0a9ba02f0f/pdf/0e0e62dae4848801ba44ff94960808e4
2026-05-21 11:02:28,474 | INFO | case_029: ✅ 147 KB
2026-05-21 11:02:35,517 | INFO | case_030: link PDF → https://putusan3.mahkamahagung.go.id/direktori/download_file/5f41a8e61e80ef7464b10a4bd23ec76f/pdf/zaec19d028be0d7ac095313230333536
2026-05-21 11:02:38,595 | INFO | case_030: ✅ 132 KB
2026-05-21 11:02:45,807 | WARNING | case_031: tidak ada lampiran PDF → di-skip
2026-05-21 11:02:51,010 | WARNING | case_032: tidak ada lampiran PDF → di-skip
2026-05-21 11:03:46,503 | INFO | case_033: link PDF → https://putusan3.mahkamahagung.go.id/direktori/download_file/edaac923079cd2126dc8224924eb0a75/pdf/zaebf9b777f069b29d41313534363335
2026-05-21 11:03:55,177 | INFO | case_033: ✅ 194 KB
2026-05-21 11:04:10,519 | WARNING | case_034: tidak ada lampiran PDF → di-skip
2026-05-21 11:04:17,345 | WARNING | case_035: tidak ada lampiran PDF → di-skip
2026-05-21 11:04:22,761 | WARNING | case_036: tidak ada lampiran PDF → di-skip
2026-05-21 11:05:24,914 | WARNING | case_037: tidak ada lampiran PDF → di-skip
2026-05-21 11:05:30,195 | WARNING | case_038: tidak ada lampiran PDF → di-skip
2026-05-21 11:05:46,607 | WARNING | case_039: tidak ada lampiran PDF → di-skip
2026-05-21 11:05:51,942 | WARNING | case_040: tidak ada lampiran PDF → di-skip
2026-05-21 11:05:57,320 | WARNING | case_041: tidak ada lampiran PDF → di-skip
2026-05-21 11:06:24,216 | INFO | case_042: link PDF → https://putusan3.mahkamahagung.go.id/direktori/download_file/fa1f0c34292d838474b1016551148c5d/pdf/zaebf97ba73b57febb1f303833383234
2026-05-21 11:07:43,741 | INFO | case_042: ✅ 161 KB
2026-05-21 11:08:32,269 | WARNING | case_043: tidak ada lampiran PDF → di-skip
2026-05-21 11:09:00,395 | WARNING | case_044: tidak ada lampiran PDF → di-skip
2026-05-21 11:10:33,094 | INFO | case_045: link PDF → https://putusan3.mahkamahagung.go.id/direktori/download_file/d44a50aae856fbb7cc614f22600aede2/pdf/zaf15006f123e854923f303933363537
2026-05-21 11:10:36,374 | INFO | case_045: ✅ 188 KB
2026-05-21 11:10:39,547 | INFO | Pipeline mulai: 20 PDF
2026-05-21 11:10:42,495 | WARNING | case_002: validitas 11.91% < 80%
2026-05-21 11:10:44,517 | WARNING | case_004: validitas 11.31% < 80%
2026-05-21 11:10:47,045 | WARNING | case_008: validitas 9.97% < 80%
2026-05-21 11:10:50,832 | WARNING | case_009: validitas 10.21% < 80%
2026-05-21 11:10:52,308 | WARNING | case_010: validitas 10.77% < 80%
2026-05-21 11:10:55,087 | WARNING | case_012: validitas 10.11% < 80%
2026-05-21 11:10:57,360 | WARNING | case_013: validitas 12.38% < 80%
2026-05-21 11:10:59,159 | WARNING | case_015: validitas 10.56% < 80%
2026-05-21 11:11:00,619 | WARNING | case_016: validitas 11.30% < 80%
2026-05-21 11:11:02,663 | WARNING | case_021: validitas 13.24% < 80%
2026-05-21 11:11:03,913 | WARNING | case_022: validitas 11.81% < 80%
2026-05-21 11:11:06,519 | WARNING | case_024: validitas 10.11% < 80%
2026-05-21 11:11:08,869 | WARNING | case_025: validitas 12.38% < 80%
2026-05-21 11:11:10,706 | WARNING | case_026: validitas 11.38% < 80%
2026-05-21 11:11:12,350 | WARNING | case_027: validitas 11.54% < 80%
2026-05-21 11:11:14,162 | WARNING | case_029: validitas 10.56% < 80%
2026-05-21 11:11:15,611 | WARNING | case_030: validitas 11.30% < 80%
2026-05-21 11:11:18,577 | WARNING | case_033: validitas 10.98% < 80%
2026-05-21 11:11:20,618 | WARNING | case_042: validitas 11.64% < 80%
2026-05-21 11:11:23,467 | WARNING | case_045: validitas 9.85% < 80%
2026-05-21 11:11:23,523 | WARNING | Validasi akhir: KURANG 30 dokumen
